0 info it worked if it ends with ok
1 verbose cli [ 'C:\\Program Files\\nodejs\\node.exe',
1 verbose cli   'C:\\Program Files\\nodejs\\node_modules\\npm\\bin\\npm-cli.js',
1 verbose cli   'run',
1 verbose cli   'devserver' ]
2 info using npm@3.3.12
3 info using node@v5.3.0
4 verbose run-script [ 'predevserver', 'devserver', 'postdevserver' ]
5 info lifecycle src@0.0.1~predevserver: src@0.0.1
6 silly lifecycle src@0.0.1~predevserver: no script for predevserver, continuing
7 info lifecycle src@0.0.1~devserver: src@0.0.1
8 verbose lifecycle src@0.0.1~devserver: unsafe-perm in lifecycle true
9 verbose lifecycle src@0.0.1~devserver: PATH: C:\Program Files\nodejs\node_modules\npm\bin\node-gyp-bin;D:\node\ss2\src\node_modules\.bin;C:\Users\q3spxx\bin;C:\Program Files\Git\mingw64\bin;C:\Program Files\Git\usr\local\bin;C:\Program Files\Git\usr\bin;C:\Program Files\Git\usr\bin;C:\Program Files\Git\mingw64\bin;C:\Program Files\Git\usr\bin;C:\Users\q3spxx\bin;C:\ProgramData\Oracle\Java\javapath;C:\Windows\system32;C:\Windows;C:\Windows\System32\Wbem;C:\Windows\System32\WindowsPowerShell\v1.0;C:\Program Files\nodejs;C:\Program Files (x86)\AMD\ATI.ACE\Core-Static;C:\Program Files\Git\cmd;C:\Program Files (x86)\Skype\Phone;C:\Windows\system32\config\systemprofile\.dnx\bin;C:\Program Files\Microsoft DNX\Dnvm;C:\Program Files\Microsoft SQL Server\130\Tools\Binn;C:\Users\q3spxx\AppData\Roaming\npm;C:\Program Files\Git\usr\bin\vendor_perl;C:\Program Files\Git\usr\bin\core_perl
10 verbose lifecycle src@0.0.1~devserver: CWD: D:\node\ss2\src
11 silly lifecycle src@0.0.1~devserver: Args: [ '/d /s /c',
11 silly lifecycle   'webpack-dev-server --inline --content-base ../public/admin/build --port 3000 --host 0.0.0.0 --watch' ]
12 silly lifecycle src@0.0.1~devserver: Returned: code: 1  signal: null
13 info lifecycle src@0.0.1~devserver: Failed to exec devserver script
14 verbose stack Error: src@0.0.1 devserver: `webpack-dev-server --inline --content-base ../public/admin/build --port 3000 --host 0.0.0.0 --watch`
14 verbose stack Exit status 1
14 verbose stack     at EventEmitter.<anonymous> (C:\Program Files\nodejs\node_modules\npm\lib\utils\lifecycle.js:232:16)
14 verbose stack     at emitTwo (events.js:87:13)
14 verbose stack     at EventEmitter.emit (events.js:172:7)
14 verbose stack     at ChildProcess.<anonymous> (C:\Program Files\nodejs\node_modules\npm\lib\utils\spawn.js:24:14)
14 verbose stack     at emitTwo (events.js:87:13)
14 verbose stack     at ChildProcess.emit (events.js:172:7)
14 verbose stack     at maybeClose (internal/child_process.js:818:16)
14 verbose stack     at Process.ChildProcess._handle.onexit (internal/child_process.js:211:5)
15 verbose pkgid src@0.0.1
16 verbose cwd D:\node\ss2\src
17 error Windows_NT 6.1.7601
18 error argv "C:\\Program Files\\nodejs\\node.exe" "C:\\Program Files\\nodejs\\node_modules\\npm\\bin\\npm-cli.js" "run" "devserver"
19 error node v5.3.0
20 error npm  v3.3.12
21 error code ELIFECYCLE
22 error src@0.0.1 devserver: `webpack-dev-server --inline --content-base ../public/admin/build --port 3000 --host 0.0.0.0 --watch`
22 error Exit status 1
23 error Failed at the src@0.0.1 devserver script 'webpack-dev-server --inline --content-base ../public/admin/build --port 3000 --host 0.0.0.0 --watch'.
23 error Make sure you have the latest version of node.js and npm installed.
23 error If you do, this is most likely a problem with the src package,
23 error not with npm itself.
23 error Tell the author that this fails on your system:
23 error     webpack-dev-server --inline --content-base ../public/admin/build --port 3000 --host 0.0.0.0 --watch
23 error You can get their info via:
23 error     npm owner ls src
23 error There is likely additional logging output above.
24 verbose exit [ 1, true ]
